<?xml version="1.0" encoding="UTF-8"?>
<!-- Generated by org.testng.reporters.JUnitXMLReporter -->
<testsuite ignored="0" hostname="BOOK-ROIQ0ITO0M" failures="0" tests="4" name="Default test" time="0.286" errors="0" timestamp="2023-08-21T21:15:29 IST">
  <testcase classname="testNgTesting.LambadaTesting" name="@BeforeClass beforesuittesting" time="-1.692632729706E9">
    <failure type="org.testng.TestNGException" message="
Parameter &amp;apos;browser&amp;apos; is required by BeforeClass on method beforesuittesting but has not been marked @Optional or defined
in C:\Users\Santosh yadav\AppData\Local\Temp\testng-eclipse--119694936\testng-customsuite.xml">
      <![CDATA[org.testng.TestNGException: 
Parameter 'browser' is required by BeforeClass on method beforesuittesting but has not been marked @Optional or defined
in C:\Users\Santosh yadav\AppData\Local\Temp\testng-eclipse--119694936\testng-customsuite.xml
at org.testng.internal.Parameters.createParams(Parameters.java:267)
at org.testng.internal.Parameters.createParametersForMethod(Parameters.java:355)
at org.testng.internal.Parameters.createParameters(Parameters.java:684)
at org.testng.internal.Parameters.createConfigurationParameters(Parameters.java:166)
at org.testng.internal.invokers.ConfigInvoker.invokeConfigurations(ConfigInvoker.java:277)
at org.testng.internal.invokers.TestMethodWorker.invokeBeforeClassMethods(TestMethodWorker.java:180)
at org.testng.internal.invokers.TestMethodWorker.run(TestMethodWorker.java:122)
at java.base/java.util.ArrayList.forEach(ArrayList.java:1511)
at org.testng.TestRunner.privateRun(TestRunner.java:829)
at org.testng.TestRunner.run(TestRunner.java:602)
at org.testng.SuiteRunner.runTest(SuiteRunner.java:437)
at org.testng.SuiteRunner.runSequentially(SuiteRunner.java:431)
at org.testng.SuiteRunner.privateRun(SuiteRunner.java:391)
at org.testng.SuiteRunner.run(SuiteRunner.java:330)
at org.testng.SuiteRunnerWorker.runSuite(SuiteRunnerWorker.java:52)
at org.testng.SuiteRunnerWorker.run(SuiteRunnerWorker.java:95)
at org.testng.TestNG.runSuitesSequentially(TestNG.java:1256)
at org.testng.TestNG.runSuitesLocally(TestNG.java:1176)
at org.testng.TestNG.runSuites(TestNG.java:1099)
at org.testng.TestNG.run(TestNG.java:1067)
at org.testng.remote.AbstractRemoteTestNG.run(AbstractRemoteTestNG.java:115)
at org.testng.remote.RemoteTestNG.initAndRun(RemoteTestNG.java:251)
at org.testng.remote.RemoteTestNG.main(RemoteTestNG.java:77)
]]>
    </failure>
  </testcase> <!-- @BeforeClass beforesuittesting -->
  <testcase classname="testNgTesting.LambadaTesting" name="@AfterClass teardown" time="0.0">
    <skipped/>
  </testcase> <!-- @AfterClass teardown -->
  <testcase classname="testNgTesting.LambadaTesting" name="@AfterTest finishExtent" time="0.0">
    <skipped/>
  </testcase> <!-- @AfterTest finishExtent -->
  <testcase classname="testNgTesting.LambadaTesting" name="dynamicXpathTesting" time="0.0">
    <skipped/>
  </testcase> <!-- dynamicXpathTesting -->
  <testcase classname="testNgTesting.LambadaTesting" name="listOfElement" time="0.0">
    <skipped/>
  </testcase> <!-- listOfElement -->
  <testcase classname="testNgTesting.LambadaTesting" name="testingxpath" time="0.0">
    <skipped/>
  </testcase> <!-- testingxpath -->
  <testcase classname="testNgTesting.LambadaTesting" name="uploadingDcos" time="0.0">
    <skipped/>
  </testcase> <!-- uploadingDcos -->
</testsuite> <!-- Default test -->
