<?xml version="1.0" encoding="UTF-8"?>
<!-- Generated by org.testng.reporters.JUnitXMLReporter -->
<testsuite ignored="0" hostname="BOOK-ROIQ0ITO0M" failures="0" tests="4" name="Test1" time="30.328" errors="0" timestamp="2023-08-21T21:17:12 IST">
  <testcase classname="testNgTesting.LambadaTesting" name="dynamicXpathTesting" time="8.465"/>
  <testcase classname="testNgTesting.LambadaTesting" name="listOfElement" time="6.626"/>
  <testcase classname="testNgTesting.LambadaTesting" name="testingxpath" time="4.475"/>
  <testcase classname="testNgTesting.LambadaTesting" name="uploadingDcos" time="6.014"/>
</testsuite> <!-- Test1 -->
