<?xml version="1.0" encoding="UTF-8"?>
<testng-results ignored="0" total="1" passed="1" failed="0" skipped="0">
  <reporter-output>
  </reporter-output>
  <suite started-at="2023-08-22T05:52:03 GMT" name="Default suite" finished-at="2023-08-22T05:52:25 GMT" duration-ms="22191">
    <groups>
    </groups>
    <test started-at="2023-08-22T05:52:03 GMT" name="Default test" finished-at="2023-08-22T05:52:25 GMT" duration-ms="22191">
      <class name="testNgTesting.DevToolsTesting">
        <test-method signature="emulateDeviceWithSend()[pri:0, instance:testNgTesting.DevToolsTesting@36916eb0]" started-at="2023-08-22T05:52:03 GMT" name="emulateDeviceWithSend" finished-at="2023-08-22T05:52:25 GMT" duration-ms="22123" status="PASS">
          <reporter-output>
          </reporter-output>
        </test-method> <!-- emulateDeviceWithSend -->
      </class> <!-- testNgTesting.DevToolsTesting -->
    </test> <!-- Default test -->
  </suite> <!-- Default suite -->
</testng-results>
